<?xml version="1.0" encoding="UTF-8"?>
<testsuite xmlns:xsi="http://www.w3.org/2001/XMLSchema-instance" xsi:noNamespaceSchemaLocation="https://maven.apache.org/surefire/maven-surefire-plugin/xsd/surefire-test-report-3.0.xsd" version="3.0" name="com.example.booking_ms.BookingMsApplicationTests" time="12.506" tests="1" errors="0" skipped="0" failures="0">
  <properties>
[...]
</properties>
  <testcase name="contextLoads" classname="com.example.booking_ms.BookingMsApplicationTests" time="4.713">
    <system-out><![CDATA[10:26:29.806 [main] INFO org.springframework.test.context.support.AnnotationConfigContextLoaderUtils -- Could not detect default configuration classes for test class [com.example.booking_ms.BookingMsApplicationTests]: BookingMsApplicationTests does not declare any static, non-private, non-final, nested classes annotated with @Configuration.
10:26:30.134 [main] INFO org.springframework.boot.test.context.SpringBootTestContextBootstrapper -- Found @SpringBootConfiguration com.example.booking_ms.BookingMsApplication for test class com.example.booking_ms.BookingMsApplicationTests

  .   ____          _            __ _ _
 /\\ / ___'_ __ _ _(_)_ __  __ _ \ \ \ \
( ( )\___ | '_ | '_| | '_ \/ _` | \ \ \ \
 \\/  ___)| |_)| | | | | || (_| |  ) ) ) )
  '  |____| .__|_| |_|_| |_\__, | / / / /
 =========|_|==============|___/=/_/_/_/

 :: Spring Boot ::               (v3.3.12)

2025-06-15T10:26:31.358+05:30  INFO 15648 --- [booking-ms] [           main] c.e.b.BookingMsApplicationTests          : Starting BookingMsApplicationTests using Java 21.0.7 with PID 15648 (started by Admin in C:\Users\Admin\IdeaProjects\microserviceDemo)
2025-06-15T10:26:31.361+05:30  INFO 15648 --- [booking-ms] [           main] c.e.b.BookingMsApplicationTests          : No active profile set, falling back to 1 default profile: "default"
2025-06-15T10:26:36.333+05:30  INFO 15648 --- [booking-ms] [           main] o.s.b.a.e.web.EndpointLinksResolver      : Exposing 1 endpoint beneath base path '/actuator'
2025-06-15T10:26:36.510+05:30  INFO 15648 --- [booking-ms] [           main] c.e.b.BookingMsApplicationTests          : Started BookingMsApplicationTests in 5.948 seconds (process running for 8.69)
]]></system-out>
    <system-err><![CDATA[WARNING: A Java agent has been loaded dynamically (C:\Users\Admin\.m2\repository\net\bytebuddy\byte-buddy-agent\1.14.19\byte-buddy-agent-1.14.19.jar)
WARNING: If a serviceability tool is in use, please run with -XX:+EnableDynamicAgentLoading to hide this warning
WARNING: If a serviceability tool is not in use, please run with -Djdk.instrument.traceUsage for more information
WARNING: Dynamic loading of agents will be disallowed by default in a future release
]]></system-err>
  </testcase>
</testsuite>